[layer 0] HW= 256 | corr acc=0.0000 | sup acc=0.0664 | chance=0.003906
[layer 1] HW=  64 | corr acc=0.0000 | sup acc=1.0 | chance=0.01562
[layer 2] HW=  64 | corr acc=0.0312 | sup acc=1.0 | chance=0.01562
[layer 3] HW=  16 | corr acc=0.0625 | sup acc=1.0 | chance=0.0625
[layer 4] HW=  16 | corr acc=0.0625 | sup acc=1.0 | chance=0.0625
[layer 5] HW=  16 | corr acc=0.0000 | sup acc=1.0 | chance=0.0625
[layer 6] HW=   4 | corr acc=0.0000 | sup acc=1.0 | chance=0.25
[layer 7] HW=   4 | corr acc=0.2500 | sup acc=1.0 | chance=0.25
[layer 8] HW=   4 | corr acc=0.2500 | sup acc=1.0 | chance=0.25
[layer 9] HW=   1 | corr acc=1.0000 | sup acc=1.0 | chance=1
[layer 10] HW=   1 | corr acc=1.0000 | sup acc=1.0 | chance=1
[layer 11] HW=   1 | corr acc=1.0000 | sup acc=1.0 | chance=1

Wrote results/adaptive_perm_resnet18_cifar10.json
{
  "arch": "resnet18",
  "dataset": "cifar10",
  "n_probe": 2000,
  "n_trivial_layers_excluded": 3,
  "mean_position_accuracy_corr_nontrivial": 0.07291666666666667,
  "mean_position_accuracy_sup_nontrivial": 0.8962673611111112
}
